<?xml version="1.0" encoding="UTF-8"?>
<testng-results total="3" passed="3" failed="0" skipped="0">
  <reporter-output>
  </reporter-output>
  <suite started-at="2019-11-23T09:14:36Z" name="Default suite" finished-at="2019-11-23T09:15:27Z" duration-ms="50163">
    <groups>
    </groups>
    <test started-at="2019-11-23T09:14:36Z" name="Default test" finished-at="2019-11-23T09:15:27Z" duration-ms="50163">
      <class name="com.selenium.practise.Recurly">
        <test-method signature="billing_Cycles(java.lang.String)[pri:0, instance:com.selenium.practise.Recurly@20d3d15a]" started-at="2019-11-23T14:44:37Z" name="billing_Cycles" data-provider="codes_data" finished-at="2019-11-23T14:44:53Z" duration-ms="15947" status="PASS">
          <params>
            <param index="0">
              <value>
                <![CDATA[20191123silver-pass6152687801]]>
              </value>
            </param>
          </params>
          <reporter-output>
          </reporter-output>
        </test-method> <!-- billing_Cycles -->
        <test-method signature="billing_Cycles(java.lang.String)[pri:0, instance:com.selenium.practise.Recurly@20d3d15a]" started-at="2019-11-23T14:44:53Z" name="billing_Cycles" data-provider="codes_data" finished-at="2019-11-23T14:45:10Z" duration-ms="17501" status="PASS">
          <params>
            <param index="0">
              <value>
                <![CDATA[20191123silver-pass61526880]]>
              </value>
            </param>
          </params>
          <reporter-output>
          </reporter-output>
        </test-method> <!-- billing_Cycles -->
        <test-method signature="billing_Cycles(java.lang.String)[pri:0, instance:com.selenium.practise.Recurly@20d3d15a]" started-at="2019-11-23T14:45:10Z" name="billing_Cycles" data-provider="codes_data" finished-at="2019-11-23T14:45:27Z" duration-ms="16189" status="PASS">
          <params>
            <param index="0">
              <value>
                <![CDATA[20191123gold-pass6152688401]]>
              </value>
            </param>
          </params>
          <reporter-output>
          </reporter-output>
        </test-method> <!-- billing_Cycles -->
      </class> <!-- com.selenium.practise.Recurly -->
    </test> <!-- Default test -->
  </suite> <!-- Default suite -->
</testng-results>
